-------------------------------------------------------------------------------
Test set: InferenceTest
-------------------------------------------------------------------------------
Tests run: 49, Failures: 0, Errors: 0, Skipped: 0, Time elapsed: 0.538 s -- in InferenceTest
InferenceTest.test_inference_of_dict_definition -- Time elapsed: 0.008 s
InferenceTest.test_assign_mismatch_inference -- Time elapsed: 0.001 s
InferenceTest.test_complex_literal -- Time elapsed: 0 s
InferenceTest.test_import_and_extend_outline -- Time elapsed: 0.010 s
InferenceTest.test_inference_of_string_methods -- Time elapsed: 0.011 s
InferenceTest.test_declare_infer -- Time elapsed: 0.008 s
InferenceTest.test_reference_call_Lazy -- Time elapsed: 0.018 s
InferenceTest.test_declared_poly_mismatch_assignment_inference -- Time elapsed: 0.002 s
InferenceTest.test_inference_of_unpack -- Time elapsed: 0.010 s
InferenceTest.test_inference_if -- Time elapsed: 0.006 s
InferenceTest.test_inference_of_number_methods -- Time elapsed: 0.006 s
InferenceTest.test_inference_of_array_reduce -- Time elapsed: 0.003 s
InferenceTest.test_as -- Time elapsed: 0.004 s
InferenceTest.test_inter_invoke -- Time elapsed: 0.020 s
InferenceTest.test_inference_of_bool_methods -- Time elapsed: 0.003 s
InferenceTest.test_debug_extend_outline_parse -- Time elapsed: 0.007 s
InferenceTest.test_with -- Time elapsed: 0.005 s
InferenceTest.test_inherited_person_entity_with_override_member -- Time elapsed: 0.007 s
InferenceTest.test_simple_person_entity -- Time elapsed: 0.003 s
InferenceTest.test_inference_of_reference_in_entity -- Time elapsed: 0.003 s
InferenceTest.test_generic_is_as -- Time elapsed: 0.004 s
InferenceTest.test_future_reference_from_entity -- Time elapsed: 0.014 s
InferenceTest.test_inference_of_array_definition -- Time elapsed: 0.005 s
InferenceTest.test_function_project_change_function_declaration -- Time elapsed: 0 s
InferenceTest.test_simple_person_entity_with_override_member -- Time elapsed: 0.009 s
InferenceTest.test_continue_break -- Time elapsed: 0 s
InferenceTest.test_inherited_person_entity -- Time elapsed: 0.007 s
InferenceTest.test_future_reference_from_outline -- Time elapsed: 0.232 s
InferenceTest.test_import_export_values -- Time elapsed: 0.009 s
InferenceTest.test_option_is_as -- Time elapsed: 0.004 s
InferenceTest.test_function_definition_inference -- Time elapsed: 0.002 s
InferenceTest.test_inference_of_reference_in_function -- Time elapsed: 0.002 s
InferenceTest.test_explicit_poly_inference -- Time elapsed: 0.005 s
InferenceTest.test_inference_of_array_methods -- Time elapsed: 0.013 s
InferenceTest.test_declared_assignment_type_mismatch_inference -- Time elapsed: 0.001 s
InferenceTest.test_outline_mutual_reference -- Time elapsed: 0 s
InferenceTest.test_import_export_outline -- Time elapsed: 0.009 s
InferenceTest.test_literal_inference -- Time elapsed: 0.007 s
InferenceTest.test_import_alias_resolves_correctly -- Time elapsed: 0.004 s
InferenceTest.test_initialization_inference -- Time elapsed: 0.006 s
InferenceTest.test_poly_is_as -- Time elapsed: 0.005 s
InferenceTest.test_symbol_match -- Time elapsed: 0.013 s
InferenceTest.test_binary_expression -- Time elapsed: 0.004 s
InferenceTest.test_inference_of_basic_adt -- Time elapsed: 0.004 s
InferenceTest.test_override_function_definition_inference -- Time elapsed: 0.003 s
InferenceTest.test_inference_of_dict_methods -- Time elapsed: 0.004 s
InferenceTest.test_inference_of_array_map -- Time elapsed: 0.002 s
InferenceTest.test_match -- Time elapsed: 0.011 s
InferenceTest.test_tuple -- Time elapsed: 0.004 s
