-------------------------------------------------------------------------------
Test set: InterpreterTest
-------------------------------------------------------------------------------
Tests run: 121, Failures: 0, Errors: 0, Skipped: 0, Time elapsed: 0.387 s -- in InterpreterTest
InterpreterTest.test_comparison -- Time elapsed: 0.021 s
InterpreterTest.test_match_guard -- Time elapsed: 0.005 s
InterpreterTest.test_simple_tuple -- Time elapsed: 0.003 s
InterpreterTest.test_entity_inheritance_base_access -- Time elapsed: 0.009 s
InterpreterTest.test_dict_keys_values -- Time elapsed: 0.004 s
InterpreterTest.test_if_from_asthelper -- Time elapsed: 0.004 s
InterpreterTest.test_entity_unpack -- Time elapsed: 0.002 s
InterpreterTest.test_bool_methods_from_asthelper -- Time elapsed: 0.004 s
InterpreterTest.test_symbol_entity_match -- Time elapsed: 0.003 s
InterpreterTest.test_dict_literal_and_access -- Time elapsed: 0.002 s
InterpreterTest.test_realistic_bank_account -- Time elapsed: 0.008 s
InterpreterTest.test_array_definition -- Time elapsed: 0.006 s
InterpreterTest.test_if_else_if_chain -- Time elapsed: 0.002 s
InterpreterTest.test_hof_apply_function -- Time elapsed: 0.001 s
InterpreterTest.test_dict_methods_from_asthelper -- Time elapsed: 0.004 s
InterpreterTest.test_curried_addition -- Time elapsed: 0.002 s
InterpreterTest.test_dict_get -- Time elapsed: 0.001 s
InterpreterTest.test_dict_len -- Time elapsed: 0.001 s
InterpreterTest.test_external_constructor_via_plugin -- Time elapsed: 0.001 s
InterpreterTest.test_closure_counter -- Time elapsed: 0.003 s
InterpreterTest.test_string_to_lower -- Time elapsed: 0.001 s
InterpreterTest.test_array_len -- Time elapsed: 0.001 s
InterpreterTest.test_string_to_upper -- Time elapsed: 0.001 s
InterpreterTest.test_string_trim -- Time elapsed: 0.002 s
InterpreterTest.test_string_concat -- Time elapsed: 0 s
InterpreterTest.test_add_two_ints -- Time elapsed: 0.001 s
InterpreterTest.test_general_module -- Time elapsed: 0.006 s
InterpreterTest.test_tuple_second_element -- Time elapsed: 0.001 s
InterpreterTest.test_early_return_from_function -- Time elapsed: 0.003 s
InterpreterTest.test_entity_method_uses_this -- Time elapsed: 0.002 s
InterpreterTest.test_string_literal -- Time elapsed: 0 s
InterpreterTest.test_bare_symbol_wildcard_match -- Time elapsed: 0.002 s
InterpreterTest.test_hof_projection_pipeline -- Time elapsed: 0.002 s
InterpreterTest.test_string_repeat -- Time elapsed: 0.001 s
InterpreterTest.test_hof_projection_1 -- Time elapsed: 0.002 s
InterpreterTest.test_realistic_string_pipeline -- Time elapsed: 0.007 s
InterpreterTest.test_bool_and_also -- Time elapsed: 0.001 s
InterpreterTest.test_string_to_int -- Time elapsed: 0.001 s
InterpreterTest.test_array_map_method -- Time elapsed: 0.002 s
InterpreterTest.test_realistic_entity_inheritance_polymorphism -- Time elapsed: 0.012 s
InterpreterTest.test_array_any_all -- Time elapsed: 0.003 s
InterpreterTest.test_string_chars -- Time elapsed: 0.004 s
InterpreterTest.test_string_split -- Time elapsed: 0.001 s
InterpreterTest.test_float_ceil_floor -- Time elapsed: 0.002 s
InterpreterTest.test_int_literal -- Time elapsed: 0.001 s
InterpreterTest.test_future_reference_from_entity -- Time elapsed: 0.008 s
InterpreterTest.test_entity_unpack_with_alias -- Time elapsed: 0.002 s
InterpreterTest.test_random_person_entity -- Time elapsed: 0.003 s
InterpreterTest.test_string_contains -- Time elapsed: 0.001 s
InterpreterTest.test_realistic_curried_pipeline -- Time elapsed: 0.006 s
InterpreterTest.test_realistic_word_frequency -- Time elapsed: 0.005 s
InterpreterTest.test_float_literal -- Time elapsed: 0.001 s
InterpreterTest.test_self_recursive_factorial -- Time elapsed: 0.002 s
InterpreterTest.test_entity_base_field_accessible_in_child -- Time elapsed: 0.002 s
InterpreterTest.test_external_constructor_placeholder_without_plugin -- Time elapsed: 0.001 s
InterpreterTest.test_match_entity_with_guard -- Time elapsed: 0.003 s
InterpreterTest.test_match_literal -- Time elapsed: 0.003 s
InterpreterTest.test_string_replace -- Time elapsed: 0.001 s
InterpreterTest.test_closure_captures_outer_var -- Time elapsed: 0.001 s
InterpreterTest.test_entity_chained_method_calls -- Time elapsed: 0.004 s
InterpreterTest.test_var_reassignment -- Time elapsed: 0.002 s
InterpreterTest.test_bool_or_else -- Time elapsed: 0.001 s
InterpreterTest.test_add_func_curried -- Time elapsed: 0.001 s
InterpreterTest.test_array_flat_map -- Time elapsed: 0.003 s
InterpreterTest.test_symbol_match_full -- Time elapsed: 0.008 s
InterpreterTest.test_string_index_of -- Time elapsed: 0.001 s
InterpreterTest.test_tuple_method_uses_this -- Time elapsed: 0.002 s
InterpreterTest.test_array_literal -- Time elapsed: 0.001 s
InterpreterTest.test_realistic_fibonacci_list -- Time elapsed: 0.004 s
InterpreterTest.test_array_take_and_drop -- Time elapsed: 0.003 s
InterpreterTest.test_with_expression -- Time elapsed: 0.004 s
InterpreterTest.test_return_without_early_exit -- Time elapsed: 0.002 s
InterpreterTest.test_int_to_str -- Time elapsed: 0.001 s
InterpreterTest.test_entity_method_returns_this -- Time elapsed: 0.003 s
InterpreterTest.test_match_wildcard -- Time elapsed: 0.002 s
InterpreterTest.test_tuple_unpack -- Time elapsed: 0.002 s
InterpreterTest.test_int_abs -- Time elapsed: 0.001 s
InterpreterTest.test_entity_field_access -- Time elapsed: 0.003 s
InterpreterTest.test_realistic_student_statistics -- Time elapsed: 0.008 s
InterpreterTest.test_bool_not -- Time elapsed: 0.001 s
InterpreterTest.test_match_from_asthelper -- Time elapsed: 0.008 s
InterpreterTest.test_realistic_order_state_machine -- Time elapsed: 0.007 s
InterpreterTest.test_tuple_element_access -- Time elapsed: 0.001 s
InterpreterTest.test_string_methods_from_asthelper -- Time elapsed: 0.010 s
InterpreterTest.test_import_outline_type -- Time elapsed: 0.007 s
InterpreterTest.test_symbol_tuple_match -- Time elapsed: 0.003 s
InterpreterTest.test_dict_contains_key -- Time elapsed: 0.001 s
InterpreterTest.test_int_to_float -- Time elapsed: 0.001 s
InterpreterTest.test_array_access_by_index -- Time elapsed: 0.001 s
InterpreterTest.test_array_min_max -- Time elapsed: 0.002 s
InterpreterTest.test_string_sub_str -- Time elapsed: 0.001 s
InterpreterTest.test_array_reverse -- Time elapsed: 0.002 s
InterpreterTest.test_hof_compose -- Time elapsed: 0.004 s
InterpreterTest.test_import_export_outline -- Time elapsed: 0.009 s
InterpreterTest.test_with_expression_inline -- Time elapsed: 0.003 s
InterpreterTest.test_bool_literal -- Time elapsed: 0.001 s
InterpreterTest.test_string_len -- Time elapsed: 0.001 s
InterpreterTest.test_import_alias -- Time elapsed: 0.004 s
InterpreterTest.test_ternary -- Time elapsed: 0.002 s
InterpreterTest.test_entity_direct_field -- Time elapsed: 0.001 s
InterpreterTest.test_if_true_branch -- Time elapsed: 0.002 s
InterpreterTest.test_number_methods_from_asthelper -- Time elapsed: 0.006 s
InterpreterTest.test_array_filter -- Time elapsed: 0.003 s
InterpreterTest.test_string_ends_with -- Time elapsed: 0.001 s
InterpreterTest.test_array_methods_from_asthelper -- Time elapsed: 0.011 s
InterpreterTest.test_entity_method_closure_capture -- Time elapsed: 0.001 s
InterpreterTest.test_unpack_from_asthelper -- Time elapsed: 0.005 s
InterpreterTest.test_array_find -- Time elapsed: 0.002 s
InterpreterTest.test_array_sort -- Time elapsed: 0.002 s
InterpreterTest.test_string_starts_with -- Time elapsed: 0.001 s
InterpreterTest.test_recursive_from_asthelper -- Time elapsed: 0.002 s
InterpreterTest.test_import_export_value -- Time elapsed: 0.003 s
InterpreterTest.test_array_reduce_method -- Time elapsed: 0.003 s
InterpreterTest.test_if_false_branch -- Time elapsed: 0.001 s
InterpreterTest.test_let_in_block -- Time elapsed: 0.002 s
InterpreterTest.test_float_sqrt -- Time elapsed: 0.002 s
InterpreterTest.test_entity_override_field -- Time elapsed: 0.001 s
InterpreterTest.test_symbol_entity_construction -- Time elapsed: 0.002 s
InterpreterTest.test_match_tuple_unpack -- Time elapsed: 0.003 s
InterpreterTest.test_nested_tuple_unpack -- Time elapsed: 0.002 s
InterpreterTest.test_match_entity_unpack -- Time elapsed: 0.002 s
