<?xml version="1.0" encoding="UTF-8"?>
<testsuite xmlns:xsi="http://www.w3.org/2001/XMLSchema-instance" xsi:noNamespaceSchemaLocation="https://maven.apache.org/surefire/maven-surefire-plugin/xsd/surefire-test-report-3.0.xsd" version="3.0" name="MetaTest" time="14.32" tests="69" errors="0" skipped="0" failures="0">
  <properties>
[...]
</properties>
  <testcase name="test_membersOf_non_this_hides_private_members" classname="MetaTest" time="0.157"/>
  <testcase name="test_chained_virtualset_ops_no_errors_with_full_world_preamble" classname="MetaTest" time="0.611"/>
  <testcase name="test_MetaExtractor_resolveOutline_unwraps_returnable" classname="MetaTest" time="0.389"/>
  <testcase name="test_meta_block_comment_on_function" classname="MetaTest" time="0.008"/>
  <testcase name="test_fieldsOf_lambda_param_outline_returns_entity_fields" classname="MetaTest" time="0.172"/>
  <testcase name="test_virtualset_tuple_map_to_list_resolves" classname="MetaTest" time="0.484"/>
  <testcase name="test_meta_system_outlines_virtualset_chaining_e2e" classname="MetaTest" time="0.297"/>
  <testcase name="test_meta_imports_and_exports" classname="MetaTest" time="0.013"/>
  <testcase name="test_membersOf_after_filter_then_navigation_returns_entity_members" classname="MetaTest" time="1.776"/>
  <testcase name="test_meta_member_description_in_toMap" classname="MetaTest" time="0.027"/>
  <testcase name="test_meta_ast_without_source_still_works" classname="MetaTest" time="0.004"/>
  <testcase name="test_meta_member_origin_in_toMap" classname="MetaTest" time="0.013"/>
  <testcase name="test_meta_single_line_comment_description" classname="MetaTest" time="0.014"/>
  <testcase name="test_meta_membersOf_result_of_first" classname="MetaTest" time="1.197"/>
  <testcase name="test_asf_meta_multiple_modules" classname="MetaTest" time="0.019"/>
  <testcase name="test_aggregate_chain_no_errors_with_full_world_preamble" classname="MetaTest" time="0.546"/>
  <testcase name="test_filter_then_aggregate_no_errors_with_full_world_preamble" classname="MetaTest" time="1.194"/>
  <testcase name="test_meta_membersOf_lambda_param_returns_accessed_fields" classname="MetaTest" time="0.272"/>
  <testcase name="test_meta_collection_variable_type_uses_declared_name" classname="MetaTest" time="0.326"/>
  <testcase name="test_meta_nav_accessor_outline_is_concrete_function_not_accessor_generic" classname="MetaTest" time="0.841"/>
  <testcase name="test_meta_lambda_param_type_is_structural_access_type" classname="MetaTest" time="0.886"/>
  <testcase name="test_resolveOutline_priority_definedToBe_as_fallback" classname="MetaTest" time="0.332"/>
  <testcase name="test_virtualset_nested_city_filter_exists_order_desc_by_count" classname="MetaTest" time="0.17"/>
  <testcase name="test_meta_member_origin_base_and_own" classname="MetaTest" time="0.002"/>
  <testcase name="test_virtualset_filter_then_to_list_returns_concrete_element_type" classname="MetaTest" time="0.089"/>
  <testcase name="test_meta_resolve_symbol_at_position" classname="MetaTest" time="0.001"/>
  <testcase name="test_meta_variable_type_from_first_resolves_to_entity_name" classname="MetaTest" time="0.088"/>
  <testcase name="test_filter_nested_count_does_not_pollute_aggregate_count_generalized" classname="MetaTest" time="0.296"/>
  <testcase name="test_meta_find_by_name" classname="MetaTest" time="0.001"/>
  <testcase name="test_fieldsOf_consistent_with_inference_for_every_virtualset_chain_step" classname="MetaTest" time="0.088"/>
  <testcase name="test_meta_member_comments_extracted" classname="MetaTest" time="0.001"/>
  <testcase name="test_meta_ontology_outline_fields_and_methods" classname="MetaTest" time="0.004"/>
  <testcase name="test_virtualset_nested_avg_filter_to_list_resolves_school_element" classname="MetaTest" time="0.091"/>
  <testcase name="test_meta_nav_chain_inference_no_errors" classname="MetaTest" time="0.091"/>
  <testcase name="test_meta_module_name_and_namespace" classname="MetaTest" time="0.001"/>
  <testcase name="test_meta_member_block_comment_extracted" classname="MetaTest" time="0.002"/>
  <testcase name="test_meta_membersOf_for_dot_completion" classname="MetaTest" time="0.002"/>
  <testcase name="test_entity_action_this_chaining_infers_without_errors" classname="MetaTest" time="0.086"/>
  <testcase name="test_virtualset_nested_count_filter_order_desc_to_list_resolves_school_element" classname="MetaTest" time="0.088"/>
  <testcase name="test_entity_action_this_return_type_infers_to_entity" classname="MetaTest" time="0.084"/>
  <testcase name="test_membersOf_undefined_symbol_returns_empty" classname="MetaTest" time="0.09"/>
  <testcase name="test_filter_then_provinces_then_member_access_no_errors" classname="MetaTest" time="0.096"/>
  <testcase name="test_filter_then_navigation_chain_resolves_type_correctly" classname="MetaTest" time="0.627"/>
  <testcase name="test_MetaExtractor_fieldsOf_for_returnable_outline" classname="MetaTest" time="0.082"/>
  <testcase name="test_membersOf_outline_stores_private_members_for_this_access" classname="MetaTest" time="0.002"/>
  <testcase name="test_meta_variables_with_type_and_mutable" classname="MetaTest" time="0.001"/>
  <testcase name="test_meta_scope_toMap" classname="MetaTest" time="0.001"/>
  <testcase name="test_meta_scopeAt_finds_innermost" classname="MetaTest" time="0.001"/>
  <testcase name="test_virtualset_nested_sum_in_filter_predicate_resolves_to_number" classname="MetaTest" time="0.081"/>
  <testcase name="test_meta_fieldsOf_chained_navigation_method_call_result" classname="MetaTest" time="0.093"/>
  <testcase name="test_MetaExtractor_fieldsOf_for_genericable_outline" classname="MetaTest" time="0.085"/>
  <testcase name="test_virtualset_aggregate_chained_single_expr_lambda_resolves_map" classname="MetaTest" time="0.083"/>
  <testcase name="test_virtualset_expression_tuple_combined_operations" classname="MetaTest" time="0.094"/>
  <testcase name="test_meta_toMap_json_serializable" classname="MetaTest" time="0.001"/>
  <testcase name="test_meta_member_without_comment_has_null_description" classname="MetaTest" time="0.001"/>
  <testcase name="test_meta_outline_with_methods_and_comments" classname="MetaTest" time="0.002"/>
  <testcase name="test_filter_then_aggregate_two_count_calls_are_distinct" classname="MetaTest" time="0.099"/>
  <testcase name="test_meta_member_origin_own" classname="MetaTest" time="0.001"/>
  <testcase name="test_meta_membersOf_agg_consistent_with_fieldsOf_after_filter_chain" classname="MetaTest" time="0.656"/>
  <testcase name="test_fieldsOf_consistent_with_inference_for_every_aggregate_chain_step" classname="MetaTest" time="0.088"/>
  <testcase name="test_meta_inference_consistency_invariant_full_chain" classname="MetaTest" time="0.089"/>
  <testcase name="test_virtualset_aggregate_chained_pipeline_resolves_map" classname="MetaTest" time="0.091"/>
  <testcase name="test_meta_visibleSymbols_at_position" classname="MetaTest" time="0.002"/>
  <testcase name="test_meta_module_description_from_comment" classname="MetaTest" time="0.001"/>
  <testcase name="test_meta_resolve_parameter_in_function_scope" classname="MetaTest" time="0.001"/>
  <testcase name="test_aggregate_block_lambda_agg_count_sum_resolve_without_unknown" classname="MetaTest" time="0.083"/>
  <testcase name="test_aggregate_lambda_param_meta_members_consistent_with_inference" classname="MetaTest" time="0.093"/>
  <testcase name="test_meta_scopes_exist" classname="MetaTest" time="0.001"/>
  <testcase name="test_resolveOutline_priority_declaredToBe_when_extendToBe_is_nothing" classname="MetaTest" time="0.083"/>
</testsuite>