<?xml version="1.0" encoding="UTF-8"?>
<testsuite xmlns:xsi="http://www.w3.org/2001/XMLSchema-instance" xsi:noNamespaceSchemaLocation="https://maven.apache.org/surefire/maven-surefire-plugin/xsd/surefire-test-report-3.0.xsd" version="3.0" name="MetaTest" time="6.499" tests="71" errors="0" skipped="0" failures="2">
  <properties>
[...]
</properties>
  <testcase name="test_membersOf_non_this_hides_private_members" classname="MetaTest" time="0.049">
    <failure message="OutlineMeta should store _age for internal this. access ==&gt; expected: &lt;true&gt; but was: &lt;false&gt;" type="org.opentest4j.AssertionFailedError"><![CDATA[org.opentest4j.AssertionFailedError: OutlineMeta should store _age for internal this. access ==> expected: <true> but was: <false>
	at org.junit.jupiter.api.AssertionFailureBuilder.build(AssertionFailureBuilder.java:151)
	at org.junit.jupiter.api.AssertionFailureBuilder.buildAndThrow(AssertionFailureBuilder.java:132)
	at org.junit.jupiter.api.AssertTrue.failNotTrue(AssertTrue.java:63)
	at org.junit.jupiter.api.AssertTrue.assertTrue(AssertTrue.java:36)
	at org.junit.jupiter.api.Assertions.assertTrue(Assertions.java:211)
	at MetaTest.test_membersOf_non_this_hides_private_members(MetaTest.java:2342)
	at java.base/jdk.internal.reflect.DirectMethodHandleAccessor.invoke(DirectMethodHandleAccessor.java:103)
	at java.base/java.lang.reflect.Method.invoke(Method.java:580)
	at org.junit.platform.commons.util.ReflectionUtils.invokeMethod(ReflectionUtils.java:727)
	at org.junit.jupiter.engine.execution.MethodInvocation.proceed(MethodInvocation.java:60)
	at org.junit.jupiter.engine.execution.InvocationInterceptorChain$ValidatingInvocation.proceed(InvocationInterceptorChain.java:131)
	at org.junit.jupiter.engine.extension.TimeoutExtension.intercept(TimeoutExtension.java:156)
	at org.junit.jupiter.engine.extension.TimeoutExtension.interceptTestableMethod(TimeoutExtension.java:147)
	at org.junit.jupiter.engine.extension.TimeoutExtension.interceptTestMethod(TimeoutExtension.java:86)
	at org.junit.jupiter.engine.execution.InterceptingExecutableInvoker$ReflectiveInterceptorCall.lambda$ofVoidMethod$0(InterceptingExecutableInvoker.java:103)
	at org.junit.jupiter.engine.execution.InterceptingExecutableInvoker.lambda$invoke$0(InterceptingExecutableInvoker.java:93)
	at org.junit.jupiter.engine.execution.InvocationInterceptorChain$InterceptedInvocation.proceed(InvocationInterceptorChain.java:106)
	at org.junit.jupiter.engine.execution.InvocationInterceptorChain.proceed(InvocationInterceptorChain.java:64)
	at org.junit.jupiter.engine.execution.InvocationInterceptorChain.chainAndInvoke(InvocationInterceptorChain.java:45)
	at org.junit.jupiter.engine.execution.InvocationInterceptorChain.invoke(InvocationInterceptorChain.java:37)
	at org.junit.jupiter.engine.execution.InterceptingExecutableInvoker.invoke(InterceptingExecutableInvoker.java:92)
	at org.junit.jupiter.engine.execution.InterceptingExecutableInvoker.invoke(InterceptingExecutableInvoker.java:86)
	at org.junit.jupiter.engine.descriptor.TestMethodTestDescriptor.lambda$invokeTestMethod$7(TestMethodTestDescriptor.java:217)
	at org.junit.platform.engine.support.hierarchical.ThrowableCollector.execute(ThrowableCollector.java:73)
	at org.junit.jupiter.engine.descriptor.TestMethodTestDescriptor.invokeTestMethod(TestMethodTestDescriptor.java:213)
	at org.junit.jupiter.engine.descriptor.TestMethodTestDescriptor.execute(TestMethodTestDescriptor.java:138)
	at org.junit.jupiter.engine.descriptor.TestMethodTestDescriptor.execute(TestMethodTestDescriptor.java:68)
	at org.junit.platform.engine.support.hierarchical.NodeTestTask.lambda$executeRecursively$6(NodeTestTask.java:151)
	at org.junit.platform.engine.support.hierarchical.ThrowableCollector.execute(ThrowableCollector.java:73)
	at org.junit.platform.engine.support.hierarchical.NodeTestTask.lambda$executeRecursively$8(NodeTestTask.java:141)
	at org.junit.platform.engine.support.hierarchical.Node.around(Node.java:137)
	at org.junit.platform.engine.support.hierarchical.NodeTestTask.lambda$executeRecursively$9(NodeTestTask.java:139)
	at org.junit.platform.engine.support.hierarchical.ThrowableCollector.execute(ThrowableCollector.java:73)
	at org.junit.platform.engine.support.hierarchical.NodeTestTask.executeRecursively(NodeTestTask.java:138)
	at org.junit.platform.engine.support.hierarchical.NodeTestTask.execute(NodeTestTask.java:95)
	at java.base/java.util.ArrayList.forEach(ArrayList.java:1596)
	at org.junit.platform.engine.support.hierarchical.SameThreadHierarchicalTestExecutorService.invokeAll(SameThreadHierarchicalTestExecutorService.java:41)
	at org.junit.platform.engine.support.hierarchical.NodeTestTask.lambda$executeRecursively$6(NodeTestTask.java:155)
	at org.junit.platform.engine.support.hierarchical.ThrowableCollector.execute(ThrowableCollector.java:73)
	at org.junit.platform.engine.support.hierarchical.NodeTestTask.lambda$executeRecursively$8(NodeTestTask.java:141)
	at org.junit.platform.engine.support.hierarchical.Node.around(Node.java:137)
	at org.junit.platform.engine.support.hierarchical.NodeTestTask.lambda$executeRecursively$9(NodeTestTask.java:139)
	at org.junit.platform.engine.support.hierarchical.ThrowableCollector.execute(ThrowableCollector.java:73)
	at org.junit.platform.engine.support.hierarchical.NodeTestTask.executeRecursively(NodeTestTask.java:138)
	at org.junit.platform.engine.support.hierarchical.NodeTestTask.execute(NodeTestTask.java:95)
	at java.base/java.util.ArrayList.forEach(ArrayList.java:1596)
	at org.junit.platform.engine.support.hierarchical.SameThreadHierarchicalTestExecutorService.invokeAll(SameThreadHierarchicalTestExecutorService.java:41)
	at org.junit.platform.engine.support.hierarchical.NodeTestTask.lambda$executeRecursively$6(NodeTestTask.java:155)
	at org.junit.platform.engine.support.hierarchical.ThrowableCollector.execute(ThrowableCollector.java:73)
	at org.junit.platform.engine.support.hierarchical.NodeTestTask.lambda$executeRecursively$8(NodeTestTask.java:141)
	at org.junit.platform.engine.support.hierarchical.Node.around(Node.java:137)
	at org.junit.platform.engine.support.hierarchical.NodeTestTask.lambda$executeRecursively$9(NodeTestTask.java:139)
	at org.junit.platform.engine.support.hierarchical.ThrowableCollector.execute(ThrowableCollector.java:73)
	at org.junit.platform.engine.support.hierarchical.NodeTestTask.executeRecursively(NodeTestTask.java:138)
	at org.junit.platform.engine.support.hierarchical.NodeTestTask.execute(NodeTestTask.java:95)
	at org.junit.platform.engine.support.hierarchical.SameThreadHierarchicalTestExecutorService.submit(SameThreadHierarchicalTestExecutorService.java:35)
	at org.junit.platform.engine.support.hierarchical.HierarchicalTestExecutor.execute(HierarchicalTestExecutor.java:57)
	at org.junit.platform.engine.support.hierarchical.HierarchicalTestEngine.execute(HierarchicalTestEngine.java:54)
	at org.junit.platform.launcher.core.EngineExecutionOrchestrator.execute(EngineExecutionOrchestrator.java:147)
	at org.junit.platform.launcher.core.EngineExecutionOrchestrator.execute(EngineExecutionOrchestrator.java:127)
	at org.junit.platform.launcher.core.EngineExecutionOrchestrator.execute(EngineExecutionOrchestrator.java:90)
	at org.junit.platform.launcher.core.EngineExecutionOrchestrator.lambda$execute$0(EngineExecutionOrchestrator.java:55)
	at org.junit.platform.launcher.core.EngineExecutionOrchestrator.withInterceptedStreams(EngineExecutionOrchestrator.java:102)
	at org.junit.platform.launcher.core.EngineExecutionOrchestrator.execute(EngineExecutionOrchestrator.java:54)
	at org.junit.platform.launcher.core.DefaultLauncher.execute(DefaultLauncher.java:114)
	at org.junit.platform.launcher.core.DefaultLauncher.execute(DefaultLauncher.java:86)
	at org.junit.platform.launcher.core.DefaultLauncherSession$DelegatingLauncher.execute(DefaultLauncherSession.java:86)
	at org.apache.maven.surefire.junitplatform.LazyLauncher.execute(LazyLauncher.java:56)
	at org.apache.maven.surefire.junitplatform.JUnitPlatformProvider.execute(JUnitPlatformProvider.java:184)
	at org.apache.maven.surefire.junitplatform.JUnitPlatformProvider.invokeAllTests(JUnitPlatformProvider.java:148)
	at org.apache.maven.surefire.junitplatform.JUnitPlatformProvider.invoke(JUnitPlatformProvider.java:122)
	at org.apache.maven.surefire.booter.ForkedBooter.runSuitesInProcess(ForkedBooter.java:385)
	at org.apache.maven.surefire.booter.ForkedBooter.execute(ForkedBooter.java:162)
	at org.apache.maven.surefire.booter.ForkedBooter.run(ForkedBooter.java:507)
	at org.apache.maven.surefire.booter.ForkedBooter.main(ForkedBooter.java:495)
]]></failure>
  </testcase>
  <testcase name="test_chained_virtualset_ops_no_errors_with_full_world_preamble" classname="MetaTest" time="0.274"/>
  <testcase name="test_MetaExtractor_resolveOutline_unwraps_returnable" classname="MetaTest" time="0.199"/>
  <testcase name="test_meta_block_comment_on_function" classname="MetaTest" time="0.005"/>
  <testcase name="test_fieldsOf_lambda_param_outline_returns_entity_fields" classname="MetaTest" time="0.125"/>
  <testcase name="test_virtualset_tuple_map_to_list_resolves" classname="MetaTest" time="0.138"/>
  <testcase name="test_meta_system_outlines_virtualset_chaining_e2e" classname="MetaTest" time="0.128"/>
  <testcase name="test_meta_imports_and_exports" classname="MetaTest" time="0.002"/>
  <testcase name="test_membersOf_after_filter_then_navigation_returns_entity_members" classname="MetaTest" time="0.139"/>
  <testcase name="test_meta_member_description_in_toMap" classname="MetaTest" time="0.003"/>
  <testcase name="test_meta_ast_without_source_still_works" classname="MetaTest" time="0.001"/>
  <testcase name="test_meta_member_origin_in_toMap" classname="MetaTest" time="0.003"/>
  <testcase name="test_meta_single_line_comment_description" classname="MetaTest" time="0.001"/>
  <testcase name="test_meta_membersOf_result_of_first" classname="MetaTest" time="0.101"/>
  <testcase name="test_asf_meta_multiple_modules" classname="MetaTest" time="0.003"/>
  <testcase name="test_aggregate_chain_no_errors_with_full_world_preamble" classname="MetaTest" time="0.099"/>
  <testcase name="test_filter_then_aggregate_no_errors_with_full_world_preamble" classname="MetaTest" time="0.095"/>
  <testcase name="test_meta_membersOf_lambda_param_returns_accessed_fields" classname="MetaTest" time="0.096"/>
  <testcase name="test_meta_collection_variable_type_uses_declared_name" classname="MetaTest" time="0.087"/>
  <testcase name="test_meta_nav_accessor_outline_is_concrete_function_not_accessor_generic" classname="MetaTest" time="0.09"/>
  <testcase name="test_meta_lambda_param_type_is_structural_access_type" classname="MetaTest" time="0.088"/>
  <testcase name="test_resolveOutline_priority_definedToBe_as_fallback" classname="MetaTest" time="0.089"/>
  <testcase name="test_virtualset_nested_city_filter_exists_order_desc_by_count" classname="MetaTest" time="0.085"/>
  <testcase name="test_meta_member_origin_base_and_own" classname="MetaTest" time="0.002"/>
  <testcase name="test_single_edge_on_collection_infers_as_virtualset" classname="MetaTest" time="0.091"/>
  <testcase name="test_virtualset_filter_then_to_list_returns_concrete_element_type" classname="MetaTest" time="0.083"/>
  <testcase name="test_meta_resolve_symbol_at_position" classname="MetaTest" time="0.001"/>
  <testcase name="test_meta_variable_type_from_first_resolves_to_entity_name" classname="MetaTest" time="0.089"/>
  <testcase name="test_filter_nested_count_does_not_pollute_aggregate_count_generalized" classname="MetaTest" time="0.271"/>
  <testcase name="test_meta_find_by_name" classname="MetaTest" time="0.002"/>
  <testcase name="test_fieldsOf_consistent_with_inference_for_every_virtualset_chain_step" classname="MetaTest" time="0.089"/>
  <testcase name="test_meta_member_comments_extracted" classname="MetaTest" time="0.001"/>
  <testcase name="test_meta_ontology_outline_fields_and_methods" classname="MetaTest" time="0.005"/>
  <testcase name="test_virtualset_nested_avg_filter_to_list_resolves_school_element" classname="MetaTest" time="0.088"/>
  <testcase name="test_meta_nav_chain_inference_no_errors" classname="MetaTest" time="0.082"/>
  <testcase name="test_meta_module_name_and_namespace" classname="MetaTest" time="0.001"/>
  <testcase name="test_meta_member_block_comment_extracted" classname="MetaTest" time="0.002"/>
  <testcase name="test_meta_membersOf_for_dot_completion" classname="MetaTest" time="0.003"/>
  <testcase name="test_entity_action_this_chaining_infers_without_errors" classname="MetaTest" time="0.094"/>
  <testcase name="test_virtualset_nested_count_filter_order_desc_to_list_resolves_school_element" classname="MetaTest" time="0.087"/>
  <testcase name="test_entity_action_this_return_type_infers_to_entity" classname="MetaTest" time="0.095"/>
  <testcase name="test_membersOf_undefined_symbol_returns_empty" classname="MetaTest" time="0.086"/>
  <testcase name="test_filter_then_provinces_then_member_access_no_errors" classname="MetaTest" time="0.104"/>
  <testcase name="test_filter_then_navigation_chain_resolves_type_correctly" classname="MetaTest" time="0.634"/>
  <testcase name="test_MetaExtractor_fieldsOf_for_returnable_outline" classname="MetaTest" time="0.088"/>
  <testcase name="test_membersOf_outline_stores_private_members_for_this_access" classname="MetaTest" time="0.002">
    <failure message="Private &apos;_age&apos; must be stored in OutlineMeta.members() for this. access ==&gt; expected: &lt;true&gt; but was: &lt;false&gt;" type="org.opentest4j.AssertionFailedError"><![CDATA[org.opentest4j.AssertionFailedError: Private '_age' must be stored in OutlineMeta.members() for this. access ==> expected: <true> but was: <false>
	at org.junit.jupiter.api.AssertionFailureBuilder.build(AssertionFailureBuilder.java:151)
	at org.junit.jupiter.api.AssertionFailureBuilder.buildAndThrow(AssertionFailureBuilder.java:132)
	at org.junit.jupiter.api.AssertTrue.failNotTrue(AssertTrue.java:63)
	at org.junit.jupiter.api.AssertTrue.assertTrue(AssertTrue.java:36)
	at org.junit.jupiter.api.Assertions.assertTrue(Assertions.java:211)
	at MetaTest.test_membersOf_outline_stores_private_members_for_this_access(MetaTest.java:2401)
	at java.base/jdk.internal.reflect.DirectMethodHandleAccessor.invoke(DirectMethodHandleAccessor.java:103)
	at java.base/java.lang.reflect.Method.invoke(Method.java:580)
	at org.junit.platform.commons.util.ReflectionUtils.invokeMethod(ReflectionUtils.java:727)
	at org.junit.jupiter.engine.execution.MethodInvocation.proceed(MethodInvocation.java:60)
	at org.junit.jupiter.engine.execution.InvocationInterceptorChain$ValidatingInvocation.proceed(InvocationInterceptorChain.java:131)
	at org.junit.jupiter.engine.extension.TimeoutExtension.intercept(TimeoutExtension.java:156)
	at org.junit.jupiter.engine.extension.TimeoutExtension.interceptTestableMethod(TimeoutExtension.java:147)
	at org.junit.jupiter.engine.extension.TimeoutExtension.interceptTestMethod(TimeoutExtension.java:86)
	at org.junit.jupiter.engine.execution.InterceptingExecutableInvoker$ReflectiveInterceptorCall.lambda$ofVoidMethod$0(InterceptingExecutableInvoker.java:103)
	at org.junit.jupiter.engine.execution.InterceptingExecutableInvoker.lambda$invoke$0(InterceptingExecutableInvoker.java:93)
	at org.junit.jupiter.engine.execution.InvocationInterceptorChain$InterceptedInvocation.proceed(InvocationInterceptorChain.java:106)
	at org.junit.jupiter.engine.execution.InvocationInterceptorChain.proceed(InvocationInterceptorChain.java:64)
	at org.junit.jupiter.engine.execution.InvocationInterceptorChain.chainAndInvoke(InvocationInterceptorChain.java:45)
	at org.junit.jupiter.engine.execution.InvocationInterceptorChain.invoke(InvocationInterceptorChain.java:37)
	at org.junit.jupiter.engine.execution.InterceptingExecutableInvoker.invoke(InterceptingExecutableInvoker.java:92)
	at org.junit.jupiter.engine.execution.InterceptingExecutableInvoker.invoke(InterceptingExecutableInvoker.java:86)
	at org.junit.jupiter.engine.descriptor.TestMethodTestDescriptor.lambda$invokeTestMethod$7(TestMethodTestDescriptor.java:217)
	at org.junit.platform.engine.support.hierarchical.ThrowableCollector.execute(ThrowableCollector.java:73)
	at org.junit.jupiter.engine.descriptor.TestMethodTestDescriptor.invokeTestMethod(TestMethodTestDescriptor.java:213)
	at org.junit.jupiter.engine.descriptor.TestMethodTestDescriptor.execute(TestMethodTestDescriptor.java:138)
	at org.junit.jupiter.engine.descriptor.TestMethodTestDescriptor.execute(TestMethodTestDescriptor.java:68)
	at org.junit.platform.engine.support.hierarchical.NodeTestTask.lambda$executeRecursively$6(NodeTestTask.java:151)
	at org.junit.platform.engine.support.hierarchical.ThrowableCollector.execute(ThrowableCollector.java:73)
	at org.junit.platform.engine.support.hierarchical.NodeTestTask.lambda$executeRecursively$8(NodeTestTask.java:141)
	at org.junit.platform.engine.support.hierarchical.Node.around(Node.java:137)
	at org.junit.platform.engine.support.hierarchical.NodeTestTask.lambda$executeRecursively$9(NodeTestTask.java:139)
	at org.junit.platform.engine.support.hierarchical.ThrowableCollector.execute(ThrowableCollector.java:73)
	at org.junit.platform.engine.support.hierarchical.NodeTestTask.executeRecursively(NodeTestTask.java:138)
	at org.junit.platform.engine.support.hierarchical.NodeTestTask.execute(NodeTestTask.java:95)
	at java.base/java.util.ArrayList.forEach(ArrayList.java:1596)
	at org.junit.platform.engine.support.hierarchical.SameThreadHierarchicalTestExecutorService.invokeAll(SameThreadHierarchicalTestExecutorService.java:41)
	at org.junit.platform.engine.support.hierarchical.NodeTestTask.lambda$executeRecursively$6(NodeTestTask.java:155)
	at org.junit.platform.engine.support.hierarchical.ThrowableCollector.execute(ThrowableCollector.java:73)
	at org.junit.platform.engine.support.hierarchical.NodeTestTask.lambda$executeRecursively$8(NodeTestTask.java:141)
	at org.junit.platform.engine.support.hierarchical.Node.around(Node.java:137)
	at org.junit.platform.engine.support.hierarchical.NodeTestTask.lambda$executeRecursively$9(NodeTestTask.java:139)
	at org.junit.platform.engine.support.hierarchical.ThrowableCollector.execute(ThrowableCollector.java:73)
	at org.junit.platform.engine.support.hierarchical.NodeTestTask.executeRecursively(NodeTestTask.java:138)
	at org.junit.platform.engine.support.hierarchical.NodeTestTask.execute(NodeTestTask.java:95)
	at java.base/java.util.ArrayList.forEach(ArrayList.java:1596)
	at org.junit.platform.engine.support.hierarchical.SameThreadHierarchicalTestExecutorService.invokeAll(SameThreadHierarchicalTestExecutorService.java:41)
	at org.junit.platform.engine.support.hierarchical.NodeTestTask.lambda$executeRecursively$6(NodeTestTask.java:155)
	at org.junit.platform.engine.support.hierarchical.ThrowableCollector.execute(ThrowableCollector.java:73)
	at org.junit.platform.engine.support.hierarchical.NodeTestTask.lambda$executeRecursively$8(NodeTestTask.java:141)
	at org.junit.platform.engine.support.hierarchical.Node.around(Node.java:137)
	at org.junit.platform.engine.support.hierarchical.NodeTestTask.lambda$executeRecursively$9(NodeTestTask.java:139)
	at org.junit.platform.engine.support.hierarchical.ThrowableCollector.execute(ThrowableCollector.java:73)
	at org.junit.platform.engine.support.hierarchical.NodeTestTask.executeRecursively(NodeTestTask.java:138)
	at org.junit.platform.engine.support.hierarchical.NodeTestTask.execute(NodeTestTask.java:95)
	at org.junit.platform.engine.support.hierarchical.SameThreadHierarchicalTestExecutorService.submit(SameThreadHierarchicalTestExecutorService.java:35)
	at org.junit.platform.engine.support.hierarchical.HierarchicalTestExecutor.execute(HierarchicalTestExecutor.java:57)
	at org.junit.platform.engine.support.hierarchical.HierarchicalTestEngine.execute(HierarchicalTestEngine.java:54)
	at org.junit.platform.launcher.core.EngineExecutionOrchestrator.execute(EngineExecutionOrchestrator.java:147)
	at org.junit.platform.launcher.core.EngineExecutionOrchestrator.execute(EngineExecutionOrchestrator.java:127)
	at org.junit.platform.launcher.core.EngineExecutionOrchestrator.execute(EngineExecutionOrchestrator.java:90)
	at org.junit.platform.launcher.core.EngineExecutionOrchestrator.lambda$execute$0(EngineExecutionOrchestrator.java:55)
	at org.junit.platform.launcher.core.EngineExecutionOrchestrator.withInterceptedStreams(EngineExecutionOrchestrator.java:102)
	at org.junit.platform.launcher.core.EngineExecutionOrchestrator.execute(EngineExecutionOrchestrator.java:54)
	at org.junit.platform.launcher.core.DefaultLauncher.execute(DefaultLauncher.java:114)
	at org.junit.platform.launcher.core.DefaultLauncher.execute(DefaultLauncher.java:86)
	at org.junit.platform.launcher.core.DefaultLauncherSession$DelegatingLauncher.execute(DefaultLauncherSession.java:86)
	at org.apache.maven.surefire.junitplatform.LazyLauncher.execute(LazyLauncher.java:56)
	at org.apache.maven.surefire.junitplatform.JUnitPlatformProvider.execute(JUnitPlatformProvider.java:184)
	at org.apache.maven.surefire.junitplatform.JUnitPlatformProvider.invokeAllTests(JUnitPlatformProvider.java:148)
	at org.apache.maven.surefire.junitplatform.JUnitPlatformProvider.invoke(JUnitPlatformProvider.java:122)
	at org.apache.maven.surefire.booter.ForkedBooter.runSuitesInProcess(ForkedBooter.java:385)
	at org.apache.maven.surefire.booter.ForkedBooter.execute(ForkedBooter.java:162)
	at org.apache.maven.surefire.booter.ForkedBooter.run(ForkedBooter.java:507)
	at org.apache.maven.surefire.booter.ForkedBooter.main(ForkedBooter.java:495)
]]></failure>
  </testcase>
  <testcase name="test_meta_variables_with_type_and_mutable" classname="MetaTest" time="0.001"/>
  <testcase name="test_meta_scope_toMap" classname="MetaTest" time="0.001"/>
  <testcase name="test_single_edge_on_collection_fieldsOf_returns_virtualset_members" classname="MetaTest" time="0.087"/>
  <testcase name="test_meta_scopeAt_finds_innermost" classname="MetaTest" time="0.001"/>
  <testcase name="test_virtualset_nested_sum_in_filter_predicate_resolves_to_number" classname="MetaTest" time="0.084"/>
  <testcase name="test_meta_fieldsOf_chained_navigation_method_call_result" classname="MetaTest" time="0.083"/>
  <testcase name="test_MetaExtractor_fieldsOf_for_genericable_outline" classname="MetaTest" time="0.083"/>
  <testcase name="test_virtualset_aggregate_chained_single_expr_lambda_resolves_map" classname="MetaTest" time="0.091"/>
  <testcase name="test_virtualset_expression_tuple_combined_operations" classname="MetaTest" time="0.09"/>
  <testcase name="test_meta_toMap_json_serializable" classname="MetaTest" time="0.001"/>
  <testcase name="test_meta_member_without_comment_has_null_description" classname="MetaTest" time="0.001"/>
  <testcase name="test_meta_outline_with_methods_and_comments" classname="MetaTest" time="0.001"/>
  <testcase name="test_filter_then_aggregate_two_count_calls_are_distinct" classname="MetaTest" time="0.097"/>
  <testcase name="test_meta_member_origin_own" classname="MetaTest" time="0.001"/>
  <testcase name="test_meta_membersOf_agg_consistent_with_fieldsOf_after_filter_chain" classname="MetaTest" time="0.873"/>
  <testcase name="test_fieldsOf_consistent_with_inference_for_every_aggregate_chain_step" classname="MetaTest" time="0.091"/>
  <testcase name="test_meta_inference_consistency_invariant_full_chain" classname="MetaTest" time="0.089"/>
  <testcase name="test_virtualset_aggregate_chained_pipeline_resolves_map" classname="MetaTest" time="0.134"/>
  <testcase name="test_meta_visibleSymbols_at_position" classname="MetaTest" time="0.002"/>
  <testcase name="test_meta_module_description_from_comment" classname="MetaTest" time="0.001"/>
  <testcase name="test_meta_resolve_parameter_in_function_scope" classname="MetaTest" time="0.001"/>
  <testcase name="test_aggregate_block_lambda_agg_count_sum_resolve_without_unknown" classname="MetaTest" time="0.126"/>
  <testcase name="test_aggregate_lambda_param_meta_members_consistent_with_inference" classname="MetaTest" time="0.103"/>
  <testcase name="test_meta_scopes_exist" classname="MetaTest" time="0.002"/>
  <testcase name="test_resolveOutline_priority_declaredToBe_when_extendToBe_is_nothing" classname="MetaTest" time="0.083"/>
</testsuite>